{"F:\\Emad\\My Projects\\Huge Num\\huge-num\\src\\core\\multiply\\multiply.js": {"path":"F:\\Emad\\My Projects\\Huge Num\\huge-num\\src\\core\\multiply\\multiply.js","statementMap":{"0":{"start":{"line":5,"column":15},"end":{"line":5,"column":18}},"1":{"start":{"line":6,"column":16},"end":{"line":6,"column":28}},"2":{"start":{"line":7,"column":16},"end":{"line":7,"column":28}},"3":{"start":{"line":8,"column":2},"end":{"line":25,"column":3}},"4":{"start":{"line":8,"column":12},"end":{"line":8,"column":30}},"5":{"start":{"line":9,"column":23},"end":{"line":9,"column":25}},"6":{"start":{"line":10,"column":16},"end":{"line":10,"column":17}},"7":{"start":{"line":11,"column":4},"end":{"line":12,"column":26}},"8":{"start":{"line":11,"column":14},"end":{"line":11,"column":15}},"9":{"start":{"line":12,"column":6},"end":{"line":12,"column":26}},"10":{"start":{"line":13,"column":4},"end":{"line":19,"column":5}},"11":{"start":{"line":13,"column":14},"end":{"line":13,"column":32}},"12":{"start":{"line":14,"column":17},"end":{"line":14,"column":37}},"13":{"start":{"line":15,"column":17},"end":{"line":15,"column":37}},"14":{"start":{"line":16,"column":14},"end":{"line":16,"column":31}},"15":{"start":{"line":17,"column":6},"end":{"line":17,"column":33}},"16":{"start":{"line":18,"column":6},"end":{"line":18,"column":31}},"17":{"start":{"line":20,"column":4},"end":{"line":20,"column":26}},"18":{"start":{"line":21,"column":4},"end":{"line":21,"column":44}},"19":{"start":{"line":22,"column":4},"end":{"line":22,"column":51}},"20":{"start":{"line":24,"column":4},"end":{"line":24,"column":39}},"21":{"start":{"line":26,"column":2},"end":{"line":26,"column":16}}},"fnMap":{"0":{"name":"multiply","decl":{"start":{"line":4,"column":24},"end":{"line":4,"column":32}},"loc":{"start":{"line":4,"column":39},"end":{"line":27,"column":1}},"line":4}},"branchMap":{},"s":{"0":2,"1":2,"2":2,"3":2,"4":2,"5":15,"6":15,"7":15,"8":15,"9":91,"10":15,"11":15,"12":211,"13":211,"14":211,"15":211,"16":211,"17":15,"18":15,"19":15,"20":15,"21":2},"f":{"0":2},"b":{},"_coverageSchema":"1a1c01bbd47fc00a2c39e90264f33305004495a9","hash":"266a465e753e546b524bff88e9e5dc1a5bf7f100"}
,"F:\\Emad\\My Projects\\Huge Num\\huge-num\\src\\core\\sum\\sum.js": {"path":"F:\\Emad\\My Projects\\Huge Num\\huge-num\\src\\core\\sum\\sum.js","statementMap":{"0":{"start":{"line":4,"column":15},"end":{"line":4,"column":17}},"1":{"start":{"line":6,"column":18},"end":{"line":6,"column":31}},"2":{"start":{"line":7,"column":18},"end":{"line":7,"column":31}},"3":{"start":{"line":8,"column":14},"end":{"line":8,"column":15}},"4":{"start":{"line":9,"column":18},"end":{"line":9,"column":58}},"5":{"start":{"line":11,"column":2},"end":{"line":24,"column":3}},"6":{"start":{"line":11,"column":12},"end":{"line":11,"column":13}},"7":{"start":{"line":12,"column":15},"end":{"line":12,"column":40}},"8":{"start":{"line":13,"column":15},"end":{"line":13,"column":40}},"9":{"start":{"line":15,"column":22},"end":{"line":15,"column":37}},"10":{"start":{"line":16,"column":6},"end":{"line":23,"column":7}},"11":{"start":{"line":17,"column":10},"end":{"line":17,"column":30}},"12":{"start":{"line":18,"column":10},"end":{"line":18,"column":20}},"13":{"start":{"line":21,"column":10},"end":{"line":21,"column":37}},"14":{"start":{"line":22,"column":10},"end":{"line":22,"column":45}},"15":{"start":{"line":25,"column":2},"end":{"line":25,"column":18}},"16":{"start":{"line":27,"column":2},"end":{"line":27,"column":30}},"17":{"start":{"line":28,"column":2},"end":{"line":28,"column":37}},"18":{"start":{"line":29,"column":2},"end":{"line":29,"column":16}}},"fnMap":{"0":{"name":"sum","decl":{"start":{"line":3,"column":24},"end":{"line":3,"column":27}},"loc":{"start":{"line":3,"column":34},"end":{"line":30,"column":1}},"line":3}},"branchMap":{"0":{"loc":{"start":{"line":12,"column":24},"end":{"line":12,"column":39}},"type":"binary-expr","locations":[{"start":{"line":12,"column":24},"end":{"line":12,"column":34}},{"start":{"line":12,"column":38},"end":{"line":12,"column":39}}],"line":12},"1":{"loc":{"start":{"line":13,"column":24},"end":{"line":13,"column":39}},"type":"binary-expr","locations":[{"start":{"line":13,"column":24},"end":{"line":13,"column":34}},{"start":{"line":13,"column":38},"end":{"line":13,"column":39}}],"line":13},"2":{"loc":{"start":{"line":16,"column":6},"end":{"line":23,"column":7}},"type":"if","locations":[{"start":{"line":16,"column":6},"end":{"line":23,"column":7}},{"start":{"line":20,"column":11},"end":{"line":23,"column":7}}],"line":16}},"s":{"0":17,"1":17,"2":17,"3":17,"4":17,"5":17,"6":17,"7":315,"8":315,"9":315,"10":315,"11":208,"12":208,"13":107,"14":107,"15":17,"16":17,"17":17,"18":17},"f":{"0":17},"b":{"0":[315,29],"1":[315,1],"2":[208,107]},"_coverageSchema":"1a1c01bbd47fc00a2c39e90264f33305004495a9","hash":"521c5ed3c7f90458ad40d5389a11923791e93d75"}
,"F:\\Emad\\My Projects\\Huge Num\\huge-num\\src\\util\\util.js": {"path":"F:\\Emad\\My Projects\\Huge Num\\huge-num\\src\\util\\util.js","statementMap":{"0":{"start":{"line":2,"column":4},"end":{"line":2,"column":55}},"1":{"start":{"line":6,"column":21},"end":{"line":6,"column":22}},"2":{"start":{"line":7,"column":4},"end":{"line":11,"column":18}},"3":{"start":{"line":7,"column":14},"end":{"line":7,"column":15}},"4":{"start":{"line":8,"column":8},"end":{"line":11,"column":18}},"5":{"start":{"line":9,"column":12},"end":{"line":9,"column":25}},"6":{"start":{"line":11,"column":12},"end":{"line":11,"column":18}},"7":{"start":{"line":12,"column":4},"end":{"line":12,"column":34}}},"fnMap":{"0":{"name":"strReverse","decl":{"start":{"line":1,"column":9},"end":{"line":1,"column":19}},"loc":{"start":{"line":1,"column":25},"end":{"line":3,"column":1}},"line":1},"1":{"name":"removeInitialZero","decl":{"start":{"line":5,"column":9},"end":{"line":5,"column":26}},"loc":{"start":{"line":5,"column":32},"end":{"line":13,"column":1}},"line":5}},"branchMap":{"0":{"loc":{"start":{"line":8,"column":8},"end":{"line":11,"column":18}},"type":"if","locations":[{"start":{"line":8,"column":8},"end":{"line":11,"column":18}},{"start":{"line":11,"column":12},"end":{"line":11,"column":18}}],"line":8}},"s":{"0":66,"1":32,"2":32,"3":32,"4":67,"5":37,"6":30,"7":32},"f":{"0":66,"1":32},"b":{"0":[37,30]},"_coverageSchema":"1a1c01bbd47fc00a2c39e90264f33305004495a9","hash":"d76fa366bdb6173e0c789413ec26b786ea0a5b23"}
}
