TN:
SF:src\core\multiply\multiply.js
FN:4,multiply
FNF:1
FNH:1
FNDA:2,multiply
DA:5,2
DA:6,2
DA:7,2
DA:8,2
DA:9,15
DA:10,15
DA:11,15
DA:12,91
DA:13,15
DA:14,211
DA:15,211
DA:16,211
DA:17,211
DA:18,211
DA:20,15
DA:21,15
DA:22,15
DA:24,15
DA:26,2
LF:19
LH:19
BRF:0
BRH:0
end_of_record
TN:
SF:src\core\sum\sum.js
FN:3,sum
FNF:1
FNH:1
FNDA:17,sum
DA:4,17
DA:6,17
DA:7,17
DA:8,17
DA:9,17
DA:11,17
DA:12,315
DA:13,315
DA:15,315
DA:16,315
DA:17,208
DA:18,208
DA:21,107
DA:22,107
DA:25,17
DA:27,17
DA:28,17
DA:29,17
LF:18
LH:18
BRDA:12,0,0,315
BRDA:12,0,1,29
BRDA:13,1,0,315
BRDA:13,1,1,1
BRDA:16,2,0,208
BRDA:16,2,1,107
BRF:6
BRH:6
end_of_record
TN:
SF:src\util\util.js
FN:1,strReverse
FN:5,removeInitialZero
FNF:2
FNH:2
FNDA:66,strReverse
FNDA:32,removeInitialZero
DA:2,66
DA:6,32
DA:7,32
DA:8,67
DA:9,37
DA:11,30
DA:12,32
LF:7
LH:7
BRDA:8,0,0,37
BRDA:8,0,1,30
BRF:2
BRH:2
end_of_record
